  laba4.cpp
d:\lab2\project\lib\ftgl\include\ftgl\ftgl.h(28): warning C4005: WIN32_LEAN_AND_MEAN: изменение макроопределения
  d:\lab2\freeglut_installed\include\gl\freeglut_std.h(61): note: см. предыдущее определение "WIN32_LEAN_AND_MEAN"
d:\lab2\cmake_lighting\light_and_textures\fall_murasaki_neverever.cpp(18): warning C4018: <: несоответствие типов со знаком и без знака
d:\lab2\cmake_lighting\light_and_textures\fall_murasaki_neverever.cpp(26): warning C4018: <: несоответствие типов со знаком и без знака
d:\lab2\cmake_lighting\light_and_textures\fall_murasaki_neverever.cpp(49): warning C4018: <: несоответствие типов со знаком и без знака
d:\lab2\cmake_lighting\light_and_textures\fall_murasaki_neverever.cpp(133): warning C4018: <: несоответствие типов со знаком и без знака
d:\lab2\cmake_lighting\light_and_textures\fall_murasaki_neverever.cpp(48): warning C4101: j: неиспользованная локальная переменная
d:\lab2\cmake_lighting\light_and_textures\fall_murasaki_neverever.cpp(184): warning C4101: RealLen: неиспользованная локальная переменная
d:\lab2\cmake_lighting\light_and_textures\fall_murasaki_neverever.cpp(223): warning C4018: <: несоответствие типов со знаком и без знака
d:\lab2\cmake_lighting\light_and_textures\fall_murasaki_neverever.cpp(228): warning C4018: <: несоответствие типов со знаком и без знака
d:\lab2\cmake_lighting\light_and_textures\fall_murasaki_neverever.cpp(253): warning C4018: <: несоответствие типов со знаком и без знака
d:\lab2\cmake_lighting\light_and_textures\fall_murasaki_neverever.cpp(286): warning C4018: <: несоответствие типов со знаком и без знака
d:\lab2\cmake_lighting\light_and_textures\fall_murasaki_neverever.cpp(291): warning C4018: <: несоответствие типов со знаком и без знака
d:\lab2\cmake_lighting\light_and_textures\fall_murasaki_neverever.cpp(294): warning C4018: <: несоответствие типов со знаком и без знака
d:\lab2\cmake_lighting\light_and_textures\fall_murasaki_neverever.cpp(351): warning C4018: <: несоответствие типов со знаком и без знака
d:\lab2\cmake_lighting\light_and_textures\fall_murasaki_neverever.cpp(217): warning C4101: CountForReal: неиспользованная локальная переменная
d:\lab2\cmake_lighting\light_and_textures\laba4.cpp(602): warning C4101: number_of_song: неиспользованная локальная переменная
d:\lab2\cmake_lighting\light_and_textures\laba4.cpp(601): warning C4101: filepath: неиспользованная локальная переменная
d:\lab2\cmake_lighting\light_and_textures\laba4.cpp(1772): warning C4018: <: несоответствие типов со знаком и без знака
d:\lab2\cmake_lighting\light_and_textures\laba4.cpp(3085): warning C4101: count_of_components: неиспользованная локальная переменная
d:\lab2\cmake_lighting\light_and_textures\laba4.cpp(3576): warning C4018: <: несоответствие типов со знаком и без знака
d:\lab2\cmake_lighting\light_and_textures\laba4.cpp(4282): warning C4101: arched_points_old: неиспользованная локальная переменная
d:\lab2\cmake_lighting\light_and_textures\laba4.cpp(4286): warning C4101: count_of_elems_arched_old: неиспользованная локальная переменная
d:\lab2\cmake_lighting\light_and_textures\laba4.cpp(4651): warning C4101: cap_circle_points: неиспользованная локальная переменная
d:\lab2\cmake_lighting\light_and_textures\laba4.cpp(4929): warning C4101: number_of_screenshot: неиспользованная локальная переменная
d:\lab2\cmake_lighting\light_and_textures\laba4.cpp(5962): warning C4101: result: неиспользованная локальная переменная
d:\lab2\cmake_lighting\light_and_textures\laba4.cpp(16904): warning C4101: epicycloid: неиспользованная локальная переменная
d:\lab2\cmake_lighting\light_and_textures\fall_murasaki_neverever.cpp(374): warning C4715: StringAddAndDivergence: значение возвращается не при всех путях выполнения
d:\lab2\cmake_lighting\light_and_textures\laba4.cpp(3737): warning C4715: scriptprocessor::InterpretateJump: значение возвращается не при всех путях выполнения
d:\lab2\cmake_lighting\light_and_textures\laba4.cpp(3747): warning C4715: scriptprocessor::InterpretateJump: значение возвращается не при всех путях выполнения
d:\lab2\cmake_lighting\light_and_textures\laba4.cpp(3824): warning C4715: scriptprocessor::InterpretateLineOfScript: значение возвращается не при всех путях выполнения
d:\lab2\cmake_lighting\light_and_textures\gl_movement.h(99): warning C4715: MyPoint::Normalize_Self: значение возвращается не при всех путях выполнения
  Lights_and_textures.vcxproj -> D:\Lab2\project\Debug\Lights_and_textures.exe
